<?xml version="1.0" encoding="UTF-8" standalone="yes"?>
<ns2:test-suite start="1526736288611" stop="1526736313219" version="1.5.3" xmlns:ns2="urn:model.allure.qatools.yandex.ru">
    <name>Regression : Google Search Tests</name>
    <title>Regression : Google Search Tests</title>
    <test-cases>
        <test-case start="1526736304895" stop="1526736306558" status="passed">
            <name>testKeyboardAppearance</name>
            <steps>
                <step start="1526736288927" stop="1526736304649" status="passed">
                    <name>opneStartPage</name>
                    <title>Open google start page: https://www.google.com/</title>
                    <attachments/>
                    <steps/>
                </step>
                <step start="1526736304898" stop="1526736306131" status="passed">
                    <name>openScreenKeyboard</name>
                    <attachments/>
                    <steps>
                        <step start="1526736304899" stop="1526736305489" status="passed">
                            <name>clickKeyboardIcon</name>
                            <attachments/>
                            <steps/>
                        </step>
                    </steps>
                </step>
                <step start="1526736306132" stop="1526736306548" status="passed">
                    <name>isScreenKeyboardDisplayed</name>
                    <title>Check if Screen Keyboard is displayed</title>
                    <attachments/>
                    <steps/>
                </step>
            </steps>
            <attachments/>
            <labels>
                <label name="testSuite" value="Regression"/>
                <label name="testGroup" value="Google Search Tests"/>
                <label name="testClass" value="roi.roitest.ScreenKeyBoardTest"/>
                <label name="testMethod" value="testKeyboardAppearance"/>
                <label name="host" value="DELL-5559"/>
                <label name="thread" value="4120@DELL-5559.pool-1-thread-2(15)"/>
            </labels>
        </test-case>
        <test-case start="1526736304954" stop="1526736309800" status="failed">
            <name>testNumberofSearchResult</name>
            <failure>
                <message>AssertionError: The number of test result is incorrect:  expected [10] but found [12]</message>
                <stack-trace>java.lang.AssertionError: The number of test result is incorrect:  expected [10] but found [12]
	at org.testng.Assert.fail(Assert.java:94)
	at org.testng.Assert.failNotEquals(Assert.java:513)
	at org.testng.Assert.assertEqualsImpl(Assert.java:135)
	at org.testng.Assert.assertEquals(Assert.java:116)
	at org.testng.Assert.assertEquals(Assert.java:389)
	at roi.roitest.SearchResultNumberTest.testNumberofSearchResult(SearchResultNumberTest.java:33)
	at sun.reflect.NativeMethodAccessorImpl.invoke0(Native Method)
	at sun.reflect.NativeMethodAccessorImpl.invoke(NativeMethodAccessorImpl.java:62)
	at sun.reflect.DelegatingMethodAccessorImpl.invoke(DelegatingMethodAccessorImpl.java:43)
	at java.lang.reflect.Method.invoke(Method.java:498)
	at org.testng.internal.MethodInvocationHelper.invokeMethod(MethodInvocationHelper.java:86)
	at org.testng.internal.Invoker.invokeMethod(Invoker.java:643)
	at org.testng.internal.Invoker.invokeTestMethod(Invoker.java:820)
	at org.testng.internal.Invoker.invokeTestMethods(Invoker.java:1128)
	at org.testng.internal.TestMethodWorker.invokeTestMethods(TestMethodWorker.java:129)
	at org.testng.internal.TestMethodWorker.run(TestMethodWorker.java:112)
	at java.util.concurrent.ThreadPoolExecutor.runWorker(ThreadPoolExecutor.java:1149)
	at java.util.concurrent.ThreadPoolExecutor$Worker.run(ThreadPoolExecutor.java:624)
	at java.lang.Thread.run(Thread.java:748)
</stack-trace>
            </failure>
            <steps>
                <step start="1526736288948" stop="1526736304648" status="passed">
                    <name>opneStartPage</name>
                    <title>Open google start page: https://www.google.com/</title>
                </step>
                <step start="1526736304962" stop="1526736305231" status="passed">
                    <name>searchFor[Hello World!]</name>
                    <title>Search for Hello World!</title>
                    <steps>
                        <step start="1526736304963" stop="1526736305231" status="passed">
                            <name>typeIntoSearchInput[Hello World!]</name>
                            <title>Type [Hello World!] into Search input</title>
                        </step>
                    </steps>
                </step>
                <step start="1526736305236" stop="1526736308951" status="passed">
                    <name>getSearchResultNumber</name>
                    <title>Calculate the result number</title>
                    <attachments>
                        <attachment title="Search Result Number" source="e053c6c2-0ace-447b-a718-cf76f33c0064-attachment.txt" type="text/plain"/>
                    </attachments>
                </step>
            </steps>
            <attachments>
                <attachment title="assets\screenshot16.png" source="0e076cff-f1a5-4e70-be62-b18331971657-attachment.png" type="image/png"/>
            </attachments>
            <labels>
                <label name="testSuite" value="Regression"/>
                <label name="testGroup" value="Google Search Tests"/>
                <label name="testClass" value="roi.roitest.SearchResultNumberTest"/>
                <label name="testMethod" value="testNumberofSearchResult"/>
                <label name="story" value="As user i want to see 10 search result"/>
                <label name="feature" value="Search "/>
                <label name="host" value="DELL-5559"/>
                <label name="thread" value="4120@DELL-5559.pool-1-thread-1(14)"/>
            </labels>
        </test-case>
        <test-case start="1526736306563" stop="1526736310278" status="passed">
            <name>testKeyBoardClose</name>
            <steps>
                <step start="1526736309566" stop="1526736310217" status="passed">
                    <name>closeScreenKeyboard</name>
                    <title>Close Screen Keyboard</title>
                    <attachments/>
                    <steps>
                        <step start="1526736309568" stop="1526736310217" status="passed">
                            <name>clickScreenKeyboardCloseButton</name>
                            <attachments/>
                            <steps/>
                        </step>
                    </steps>
                </step>
                <step start="1526736310219" stop="1526736310278" status="passed">
                    <name>isScreenKeyboardDisplayed</name>
                    <title>Check if Screen Keyboard is displayed</title>
                    <attachments/>
                    <steps/>
                </step>
            </steps>
            <attachments/>
            <labels>
                <label name="testSuite" value="Regression"/>
                <label name="testGroup" value="Google Search Tests"/>
                <label name="testClass" value="roi.roitest.ScreenKeyBoardTest"/>
                <label name="testMethod" value="testKeyBoardClose"/>
                <label name="host" value="DELL-5559"/>
                <label name="thread" value="4120@DELL-5559.pool-1-thread-2(15)"/>
            </labels>
        </test-case>
    </test-cases>
    <labels>
        <label name="framework" value="TestNG"/>
        <label name="language" value="JAVA"/>
    </labels>
</ns2:test-suite>
