{
  "uid" : "3939cd86d958de4c",
  "name" : "testKeyboardAppearance",
  "title" : "Test keyboard appearance",
  "time" : {
    "start" : 1526814431119,
    "stop" : 1526814431402,
    "duration" : 283
  },
  "summary" : {
    "attachments" : 0,
    "steps" : 3
  },
  "failure" : {
    "message" : "NoSuchElementException: no such element: Unable to locate element: {\"method\":\"id\",\"selector\":\"gs_st0\"}\n  (Session info: chrome=66.0.3359.181)\n  (Driver info: chromedriver=2.38.552522 (437e6fbedfa8762dec75e2c5b3ddb86763dc9dcb),platform=Windows NT 10.0.16299 x86_64) (WARNING: The server did not provide any stacktrace information)\nCommand duration or timeout: 208 milliseconds\nFor documentation on this error, please visit: http://seleniumhq.org/exceptions/no_such_element.html\nBuild info: version: '3.4.0', revision: 'unknown', time: 'unknown'\nSystem info: host: 'DELL-5559', ip: '192.168.1.10', os.name: 'Windows 10', os.arch: 'amd64', os.version: '10.0', java.version: '1.8.0_144'\nDriver info: org.openqa.selenium.chrome.ChromeDriver\nCapabilities [{applicationCacheEnabled=false, rotatable=false, mobileEmulationEnabled=false, networkConnectionEnabled=false, chrome={chromedriverVersion=2.38.552522 (437e6fbedfa8762dec75e2c5b3ddb86763dc9dcb), userDataDir=C:\\Users\\Oleg\\AppData\\Local\\Temp\\scoped_dir17232_5339}, takesHeapSnapshot=true, pageLoadStrategy=normal, databaseEnabled=false, handlesAlerts=true, hasTouchScreen=false, version=66.0.3359.181, platform=XP, browserConnectionEnabled=false, nativeEvents=true, acceptSslCerts=false, acceptInsecureCerts=false, locationContextEnabled=true, webStorageEnabled=true, browserName=chrome, takesScreenshot=true, javascriptEnabled=true, cssSelectorsEnabled=true, setWindowRect=true, unexpectedAlertBehaviour=}]\nSession ID: b7c2074f947d63042ae0e20bd796f208\n*** Element info: {Using=id, value=gs_st0}",
    "stackTrace" : "org.openqa.selenium.NoSuchElementException: no such element: Unable to locate element: {\"method\":\"id\",\"selector\":\"gs_st0\"}\n  (Session info: chrome=66.0.3359.181)\n  (Driver info: chromedriver=2.38.552522 (437e6fbedfa8762dec75e2c5b3ddb86763dc9dcb),platform=Windows NT 10.0.16299 x86_64) (WARNING: The server did not provide any stacktrace information)\nCommand duration or timeout: 208 milliseconds\nFor documentation on this error, please visit: http://seleniumhq.org/exceptions/no_such_element.html\nBuild info: version: '3.4.0', revision: 'unknown', time: 'unknown'\nSystem info: host: 'DELL-5559', ip: '192.168.1.10', os.name: 'Windows 10', os.arch: 'amd64', os.version: '10.0', java.version: '1.8.0_144'\nDriver info: org.openqa.selenium.chrome.ChromeDriver\nCapabilities [{applicationCacheEnabled=false, rotatable=false, mobileEmulationEnabled=false, networkConnectionEnabled=false, chrome={chromedriverVersion=2.38.552522 (437e6fbedfa8762dec75e2c5b3ddb86763dc9dcb), userDataDir=C:\\Users\\Oleg\\AppData\\Local\\Temp\\scoped_dir17232_5339}, takesHeapSnapshot=true, pageLoadStrategy=normal, databaseEnabled=false, handlesAlerts=true, hasTouchScreen=false, version=66.0.3359.181, platform=XP, browserConnectionEnabled=false, nativeEvents=true, acceptSslCerts=false, acceptInsecureCerts=false, locationContextEnabled=true, webStorageEnabled=true, browserName=chrome, takesScreenshot=true, javascriptEnabled=true, cssSelectorsEnabled=true, setWindowRect=true, unexpectedAlertBehaviour=}]\nSession ID: b7c2074f947d63042ae0e20bd796f208\n*** Element info: {Using=id, value=gs_st0}\n\tat sun.reflect.NativeConstructorAccessorImpl.newInstance0(Native Method)\n\tat sun.reflect.NativeConstructorAccessorImpl.newInstance(NativeConstructorAccessorImpl.java:62)\n\tat sun.reflect.DelegatingConstructorAccessorImpl.newInstance(DelegatingConstructorAccessorImpl.java:45)\n\tat java.lang.reflect.Constructor.newInstance(Constructor.java:423)\n\tat org.openqa.selenium.remote.ErrorHandler.createThrowable(ErrorHandler.java:215)\n\tat org.openqa.selenium.remote.ErrorHandler.throwIfResponseFailed(ErrorHandler.java:167)\n\tat org.openqa.selenium.remote.RemoteWebDriver.execute(RemoteWebDriver.java:671)\n\tat org.openqa.selenium.remote.RemoteWebDriver.findElement(RemoteWebDriver.java:410)\n\tat org.openqa.selenium.remote.RemoteWebDriver.findElementById(RemoteWebDriver.java:453)\n\tat org.openqa.selenium.By$ById.findElement(By.java:218)\n\tat org.openqa.selenium.remote.RemoteWebDriver.findElement(RemoteWebDriver.java:402)\n\tat org.openqa.selenium.support.pagefactory.DefaultElementLocator.findElement(DefaultElementLocator.java:69)\n\tat org.openqa.selenium.support.pagefactory.internal.LocatingElementHandler.invoke(LocatingElementHandler.java:38)\n\tat com.sun.proxy.$Proxy14.click(Unknown Source)\n\tat home.test.google.pages.StartPage.clickKeyboardIcon(StartPage.java:61)\n\tat home.test.google.pages.StartPage.openScreenKeyboard(StartPage.java:55)\n\tat roi.roitest.ScreenKeyBoardTest.testKeyboardAppearance(ScreenKeyBoardTest.java:24)\n\tat sun.reflect.NativeMethodAccessorImpl.invoke0(Native Method)\n\tat sun.reflect.NativeMethodAccessorImpl.invoke(NativeMethodAccessorImpl.java:62)\n\tat sun.reflect.DelegatingMethodAccessorImpl.invoke(DelegatingMethodAccessorImpl.java:43)\n\tat java.lang.reflect.Method.invoke(Method.java:498)\n\tat org.testng.internal.MethodInvocationHelper.invokeMethod(MethodInvocationHelper.java:86)\n\tat org.testng.internal.Invoker.invokeMethod(Invoker.java:643)\n\tat org.testng.internal.Invoker.invokeTestMethod(Invoker.java:820)\n\tat org.testng.internal.Invoker.invokeTestMethods(Invoker.java:1128)\n\tat org.testng.internal.TestMethodWorker.invokeTestMethods(TestMethodWorker.java:129)\n\tat org.testng.internal.TestMethodWorker.run(TestMethodWorker.java:112)\n\tat java.util.concurrent.ThreadPoolExecutor.runWorker(ThreadPoolExecutor.java:1149)\n\tat java.util.concurrent.ThreadPoolExecutor$Worker.run(ThreadPoolExecutor.java:624)\n\tat java.lang.Thread.run(Thread.java:748)\n"
  },
  "description" : null,
  "severity" : "NORMAL",
  "status" : "BROKEN",
  "suite" : {
    "uid" : "12e0feba653379d2",
    "name" : "Regression : Google Search Tests",
    "title" : "Regression : Google Search Tests"
  },
  "steps" : [ {
    "name" : "opneStartPage",
    "title" : "Open google start page: https://www.google.com/",
    "time" : {
      "start" : 1526814422495,
      "stop" : 1526814431045,
      "duration" : 8550
    },
    "summary" : {
      "attachments" : 0,
      "steps" : 0
    },
    "status" : "PASSED",
    "attachments" : [ ],
    "steps" : [ ]
  }, {
    "name" : "openScreenKeyboard",
    "title" : "Open screen keyboard",
    "time" : {
      "start" : 1526814431122,
      "stop" : 1526814431342,
      "duration" : 220
    },
    "summary" : {
      "attachments" : 0,
      "steps" : 1
    },
    "status" : "BROKEN",
    "attachments" : [ ],
    "steps" : [ {
      "name" : "clickKeyboardIcon",
      "title" : "Click keyboard icon",
      "time" : {
        "start" : 1526814431123,
        "stop" : 1526814431342,
        "duration" : 219
      },
      "summary" : {
        "attachments" : 0,
        "steps" : 0
      },
      "status" : "BROKEN",
      "attachments" : [ ],
      "steps" : [ ]
    } ]
  } ],
  "attachments" : [ ],
  "issues" : [ ],
  "testIds" : [ ],
  "labels" : [ {
    "name" : "language",
    "value" : "JAVA"
  }, {
    "name" : "testClass",
    "value" : "roi.roitest.ScreenKeyBoardTest"
  }, {
    "name" : "thread",
    "value" : "7816@DELL-5559.pool-1-thread-2(15)"
  }, {
    "name" : "testGroup",
    "value" : "Google Search Tests"
  }, {
    "name" : "suite-title",
    "value" : "Regression : Google Search Tests"
  }, {
    "name" : "suite-name",
    "value" : "Regression : Google Search Tests"
  }, {
    "name" : "testSuite",
    "value" : "Regression"
  }, {
    "name" : "framework",
    "value" : "TestNG"
  }, {
    "name" : "host",
    "value" : "DELL-5559"
  }, {
    "name" : "testMethod",
    "value" : "testKeyboardAppearance"
  } ],
  "parameters" : [ ]
}