{
  "hash" : "e7105c43ada45c9f6e0006854ef1a1d95249231d",
  "plugins" : {
    "total" : {
      "statistic" : {
        "total" : 5,
        "passed" : 1,
        "pending" : 0,
        "canceled" : 0,
        "failed" : 2,
        "broken" : 2
      },
      "time" : {
        "start" : 1526814431119,
        "stop" : 1526814453701,
        "duration" : 22582
      }
    },
    "defects" : {
      "totalCount" : 4,
      "items" : [ {
        "count" : 1,
        "uid" : "a3fb6b441781d295",
        "message" : "AssertionError: The number of test result is incorrect:  expected [10] but found [12]",
        "status" : "FAILED"
      }, {
        "count" : 1,
        "uid" : "f4f897cf760492fb",
        "message" : "AssertionError: The number of test result is incorrect:  expected [10] but found [11]",
        "status" : "FAILED"
      }, {
        "count" : 1,
        "uid" : "243520bc71c6b6c3",
        "message" : "NoSuchElementException: no such element: Unable to locate element: {\"method\":\"id\",\"selector\":\"gs_st0\"}\n  (Session info: chrome=66.0.3359.181)\n  (Driver info: chromedriver=2.38.552522 (437e6fbedfa8762dec75e2c5b3ddb86763dc9dcb),platform=Windows NT 10.0.16299 x86_64) (WARNING: The server did not provide any stacktrace information)\nCommand duration or timeout: 208 milliseconds\nFor documentation on this error, please visit: http://seleniumhq.org/exceptions/no_such_element.html\nBuild info: version: '3.4.0', revision: 'unknown', time: 'unknown'\nSystem info: host: 'DELL-5559', ip: '192.168.1.10', os.name: 'Windows 10', os.arch: 'amd64', os.version: '10.0', java.version: '1.8.0_144'\nDriver info: org.openqa.selenium.chrome.ChromeDriver\nCapabilities [{applicationCacheEnabled=false, rotatable=false, mobileEmulationEnabled=false, networkConnectionEnabled=false, chrome={chromedriverVersion=2.38.552522 (437e6fbedfa8762dec75e2c5b3ddb86763dc9dcb), userDataDir=C:\\Users\\Oleg\\AppData\\Local\\Temp\\scoped_dir17232_5339}, takesHeapSnapshot=true, pageLoadStrategy=normal, databaseEnabled=false, handlesAlerts=true, hasTouchScreen=false, version=66.0.3359.181, platform=XP, browserConnectionEnabled=false, nativeEvents=true, acceptSslCerts=false, acceptInsecureCerts=false, locationContextEnabled=true, webStorageEnabled=true, browserName=chrome, takesScreenshot=true, javascriptEnabled=true, cssSelectorsEnabled=true, setWindowRect=true, unexpectedAlertBehaviour=}]\nSession ID: b7c2074f947d63042ae0e20bd796f208\n*** Element info: {Using=id, value=gs_st0}",
        "status" : "BROKEN"
      }, {
        "count" : 1,
        "uid" : "72e67e306749bfb2",
        "message" : "NoSuchElementException: no such element: Unable to locate element: {\"method\":\"css selector\",\"selector\":\".vk-t-btn\"}\n  (Session info: chrome=66.0.3359.181)\n  (Driver info: chromedriver=2.38.552522 (437e6fbedfa8762dec75e2c5b3ddb86763dc9dcb),platform=Windows NT 10.0.16299 x86_64) (WARNING: The server did not provide any stacktrace information)\nCommand duration or timeout: 34 milliseconds\nFor documentation on this error, please visit: http://seleniumhq.org/exceptions/no_such_element.html\nBuild info: version: '3.4.0', revision: 'unknown', time: 'unknown'\nSystem info: host: 'DELL-5559', ip: '192.168.1.10', os.name: 'Windows 10', os.arch: 'amd64', os.version: '10.0', java.version: '1.8.0_144'\nDriver info: org.openqa.selenium.chrome.ChromeDriver\nCapabilities [{applicationCacheEnabled=false, rotatable=false, mobileEmulationEnabled=false, networkConnectionEnabled=false, chrome={chromedriverVersion=2.38.552522 (437e6fbedfa8762dec75e2c5b3ddb86763dc9dcb), userDataDir=C:\\Users\\Oleg\\AppData\\Local\\Temp\\scoped_dir17232_5339}, takesHeapSnapshot=true, pageLoadStrategy=normal, databaseEnabled=false, handlesAlerts=true, hasTouchScreen=false, version=66.0.3359.181, platform=XP, browserConnectionEnabled=false, nativeEvents=true, acceptSslCerts=false, acceptInsecureCerts=false, locationContextEnabled=true, webStorageEnabled=true, browserName=chrome, takesScreenshot=true, javascriptEnabled=true, cssSelectorsEnabled=true, setWindowRect=true, unexpectedAlertBehaviour=}]\nSession ID: b7c2074f947d63042ae0e20bd796f208\n*** Element info: {Using=css selector, value=.vk-t-btn}",
        "status" : "BROKEN"
      } ]
    },
    "xunit" : {
      "totalCount" : 1,
      "items" : [ {
        "uid" : "12e0feba653379d2",
        "title" : "Regression : Google Search Tests",
        "statistic" : {
          "total" : 5,
          "passed" : 1,
          "pending" : 0,
          "canceled" : 0,
          "failed" : 2,
          "broken" : 2
        }
      } ]
    },
    "behaviors" : {
      "totalCount" : 2,
      "items" : [ {
        "title" : "Search ",
        "statistic" : {
          "total" : 3,
          "passed" : 1,
          "pending" : 0,
          "canceled" : 0,
          "failed" : 2,
          "broken" : 0
        }
      }, {
        "title" : "Without feature",
        "statistic" : {
          "total" : 2,
          "passed" : 0,
          "pending" : 0,
          "canceled" : 0,
          "failed" : 0,
          "broken" : 2
        }
      } ]
    },
    "environment" : [ ]
  }
}